<?xml version="1.0" encoding="UTF-8"?>
<!-- Generated by org.testng.reporters.JUnitXMLReporter -->
<testsuite ignored="0" hostname="DESKTOP-TQO8JFN" failures="0" tests="25" name="Default test" time="238.874" errors="0" timestamp="2024-04-28T16:40:12 IST">
  <testcase classname="selenium.NewTest" name="ScrollHomePage" time="21.178"/>
  <testcase classname="selenium.NewTest" name="RegistrationPage" time="23.295"/>
  <testcase classname="selenium.NewTest" name="LoginPage" time="7.676"/>
  <testcase classname="selenium.NewTest" name="aboutPage" time="3.294"/>
  <testcase classname="selenium.NewTest" name="doctorsPage" time="30.931"/>
  <testcase classname="selenium.NewTest" name="Blog" time="4.056"/>
  <testcase classname="selenium.NewTest" name="BlogDetails" time="15.686"/>
  <testcase classname="selenium.NewTest" name="PostComment" time="19.14"/>
  <testcase classname="selenium.NewTest" name="GoToBlog" time="4.389"/>
  <testcase classname="selenium.NewTest" name="Contact" time="1.268"/>
  <testcase classname="selenium.NewTest" name="ScrollContact" time="6.524"/>
  <testcase classname="selenium.NewTest" name="GoogleMap" time="10.547"/>
  <testcase classname="selenium.NewTest" name="testMapNavigation" time="12.316"/>
  <testcase classname="selenium.NewTest" name="ScrollUpContact" time="12.747"/>
  <testcase classname="selenium.NewTest" name="GoToHome" time="1.305"/>
  <testcase classname="selenium.NewTest" name="GoToRegistrationPage" time="1.176"/>
  <testcase classname="selenium.NewTest" name="TestLogin" time="3.367"/>
  <testcase classname="selenium.NewTest" name="TestLogin" time="3.369"/>
  <testcase classname="selenium.NewTest" name="TestLogin" time="3.388"/>
  <testcase classname="selenium.NewTest" name="TestLogin" time="3.359"/>
  <testcase classname="selenium.NewTest" name="GoToMainPage" time="5.499"/>
  <testcase classname="selenium.NewTest" name="DetailsPage" time="6.704"/>
  <testcase classname="selenium.NewTest" name="ScrollDetails" time="2.576"/>
  <testcase classname="selenium.NewTest" name="EnterDeatils" time="11.217"/>
  <testcase classname="selenium.NewTest" name="ConfirmationPage" time="15.11"/>
</testsuite> <!-- Default test -->
